<?xml version="1.0" encoding="UTF-8"?>
<!-- Generated by org.testng.reporters.JUnitReportReporter -->
<testsuite hostname="DESKTOP-P2DJP4T" failures="0" tests="1" name="com.violetis.Tests.empdashboard.ClockInOut" time="44.438" errors="0" timestamp="2025-10-08T22:13:44 IST" skipped="0">
  <testcase classname="com.violetis.Tests.empdashboard.ClockInOut" name="testTotalWorkedHours" time="44.438"/>
</testsuite> <!-- com.violetis.Tests.empdashboard.ClockInOut -->
