<?xml version="1.0" encoding="UTF-8"?>
<!-- Generated by org.testng.reporters.JUnitReportReporter -->
<testsuite hostname="DESKTOP-P2DJP4T" failures="0" tests="3" name="com.violetis.Tests.empdashboard.LeavedetailsValTest" time="18.239" errors="0" timestamp="2025-10-24T19:46:16 IST" skipped="0">
  <testcase classname="com.violetis.Tests.empdashboard.LeavedetailsValTest" name="getleavecountsfromempdashboard" time="8.327"/>
  <testcase classname="com.violetis.Tests.empdashboard.LeavedetailsValTest" name="getleavecountsfromleavemodule" time="9.897"/>
  <testcase classname="com.violetis.Tests.empdashboard.LeavedetailsValTest" name="validatelevaecounts" time="0.015"/>
</testsuite> <!-- com.violetis.Tests.empdashboard.LeavedetailsValTest -->
