<?xml version="1.0" encoding="UTF-8"?>
<!-- Generated by org.testng.reporters.JUnitReportReporter -->
<testsuite hostname="DESKTOP-P2DJP4T" failures="0" tests="1" name="com.violetis.Tests.ManagerTest" time="46.587" errors="0" timestamp="2025-10-13T20:08:27 IST" skipped="0">
  <testcase classname="com.violetis.Tests.ManagerTest" name="managerAddWarningtoempTest" time="46.587"/>
</testsuite> <!-- com.violetis.Tests.ManagerTest -->
