<?xml version="1.0" encoding="UTF-8"?>
<!-- Generated by org.testng.reporters.JUnitReportReporter -->
<testsuite hostname="DESKTOP-P2DJP4T" failures="0" tests="1" name="com.violetis.Tests.LoginTest" time="26.448" errors="0" timestamp="2025-10-08T15:41:31 IST" skipped="0">
  <testcase classname="com.violetis.Tests.LoginTest" name="TestempLogin" time="26.448"/>
</testsuite> <!-- com.violetis.Tests.LoginTest -->
