<?xml version="1.0" encoding="UTF-8"?>
<!-- Generated by org.testng.reporters.JUnitReportReporter -->
<testsuite hostname="DESKTOP-P2DJP4T" failures="0" tests="1" name="com.violetis.Tests.empdashboard.DashboardCountsTest" time="40.138" errors="0" timestamp="2025-10-24T19:33:47 IST" skipped="0">
  <testcase classname="com.violetis.Tests.empdashboard.DashboardCountsTest" name="validatecomplaintcount" time="40.138"/>
</testsuite> <!-- com.violetis.Tests.empdashboard.DashboardCountsTest -->
