<?xml version="1.0" encoding="UTF-8"?>
<!-- Generated by org.testng.reporters.JUnitReportReporter -->
<testsuite hostname="DESKTOP-P2DJP4T" failures="0" tests="1" name="com.violetis.Tests.empdashboard.IncreamentorpromotionTest" time="28.741" errors="0" timestamp="2025-10-24T15:20:01 IST" skipped="0">
  <testcase classname="com.violetis.Tests.empdashboard.IncreamentorpromotionTest" name="AddincreamentfromHR" time="28.741"/>
</testsuite> <!-- com.violetis.Tests.empdashboard.IncreamentorpromotionTest -->
