<?xml version="1.0" encoding="UTF-8"?>
<!-- Generated by org.testng.reporters.JUnitReportReporter -->
<testsuite hostname="DESKTOP-P2DJP4T" failures="0" tests="3" name="com.violetis.Tests.HomePageTest" time="135.481" errors="0" timestamp="2025-10-07T17:20:07 IST" skipped="0">
  <testcase classname="com.violetis.Tests.HomePageTest" name="testHRSubMenus" time="58.725"/>
  <testcase classname="com.violetis.Tests.HomePageTest" name="testCRMSubMenus" time="39.380"/>
  <testcase classname="com.violetis.Tests.HomePageTest" name="testMailSubMenus" time="37.376"/>
</testsuite> <!-- com.violetis.Tests.HomePageTest -->
